<?xml version="1.0" encoding="UTF-8"?>
<coverage generated="1687190238420" clover="3.2.0">
  <project timestamp="1687190238420" name="All files">
    <metrics statements="33" coveredstatements="33" conditionals="4" coveredconditionals="4" methods="6" coveredmethods="6" elements="43" coveredelements="43" complexity="0" loc="33" ncloc="33" packages="1" files="2" classes="2"/>
    <file name="account.js" path="/Users/jackskates/Documents/bank-tech-test/src/account.js">
      <metrics statements="24" coveredstatements="24" conditionals="4" coveredconditionals="4" methods="4" coveredmethods="4"/>
      <line num="1" count="1" type="stmt"/>
      <line num="5" count="5" type="stmt"/>
      <line num="6" count="5" type="stmt"/>
      <line num="10" count="3" type="stmt"/>
      <line num="11" count="3" type="stmt"/>
      <line num="12" count="3" type="stmt"/>
      <line num="13" count="3" type="stmt"/>
      <line num="14" count="3" type="stmt"/>
      <line num="18" count="3" type="cond" truecount="2" falsecount="0"/>
      <line num="19" count="1" type="stmt"/>
      <line num="21" count="2" type="stmt"/>
      <line num="22" count="2" type="stmt"/>
      <line num="23" count="2" type="stmt"/>
      <line num="24" count="2" type="stmt"/>
      <line num="25" count="2" type="stmt"/>
      <line num="30" count="1" type="stmt"/>
      <line num="32" count="1" type="stmt"/>
      <line num="33" count="2" type="stmt"/>
      <line num="34" count="2" type="stmt"/>
      <line num="35" count="2" type="cond" truecount="2" falsecount="0"/>
      <line num="36" count="1" type="stmt"/>
      <line num="38" count="1" type="stmt"/>
      <line num="41" count="1" type="stmt"/>
      <line num="45" count="1" type="stmt"/>
    </file>
    <file name="transaction.js" path="/Users/jackskates/Documents/bank-tech-test/src/transaction.js">
      <metrics statements="9" coveredstatements="9" conditionals="0" coveredconditionals="0" methods="2" coveredmethods="2"/>
      <line num="3" count="6" type="stmt"/>
      <line num="4" count="6" type="stmt"/>
      <line num="5" count="6" type="stmt"/>
      <line num="6" count="6" type="stmt"/>
      <line num="10" count="6" type="stmt"/>
      <line num="11" count="6" type="stmt"/>
      <line num="12" count="6" type="stmt"/>
      <line num="14" count="6" type="stmt"/>
      <line num="18" count="2" type="stmt"/>
    </file>
  </project>
</coverage>
