{"/Users/jackskates/Documents/bank-tech-test/src/account.js": {"path":"/Users/jackskates/Documents/bank-tech-test/src/account.js","statementMap":{"0":{"start":{"line":1,"column":20},"end":{"line":1,"column":44}},"1":{"start":{"line":5,"column":4},"end":{"line":5,"column":20}},"2":{"start":{"line":6,"column":4},"end":{"line":6,"column":26}},"3":{"start":{"line":10,"column":4},"end":{"line":10,"column":26}},"4":{"start":{"line":11,"column":24},"end":{"line":11,"column":47}},"5":{"start":{"line":12,"column":4},"end":{"line":12,"column":32}},"6":{"start":{"line":13,"column":4},"end":{"line":13,"column":46}},"7":{"start":{"line":14,"column":4},"end":{"line":14,"column":39}},"8":{"start":{"line":18,"column":4},"end":{"line":26,"column":5}},"9":{"start":{"line":19,"column":6},"end":{"line":19,"column":33}},"10":{"start":{"line":21,"column":6},"end":{"line":21,"column":28}},"11":{"start":{"line":22,"column":26},"end":{"line":22,"column":49}},"12":{"start":{"line":23,"column":6},"end":{"line":23,"column":37}},"13":{"start":{"line":24,"column":6},"end":{"line":24,"column":48}},"14":{"start":{"line":25,"column":6},"end":{"line":25,"column":41}},"15":{"start":{"line":30,"column":20},"end":{"line":30,"column":58}},"16":{"start":{"line":32,"column":4},"end":{"line":40,"column":5}},"17":{"start":{"line":32,"column":17},"end":{"line":32,"column":45}},"18":{"start":{"line":33,"column":24},"end":{"line":33,"column":44}},"19":{"start":{"line":34,"column":32},"end":{"line":34,"column":71}},"20":{"start":{"line":35,"column":6},"end":{"line":39,"column":7}},"21":{"start":{"line":36,"column":8},"end":{"line":36,"column":98}},"22":{"start":{"line":38,"column":8},"end":{"line":38,"column":98}},"23":{"start":{"line":41,"column":4},"end":{"line":41,"column":26}},"24":{"start":{"line":45,"column":0},"end":{"line":45,"column":25}}},"fnMap":{"0":{"name":"(anonymous_0)","decl":{"start":{"line":4,"column":2},"end":{"line":4,"column":3}},"loc":{"start":{"line":4,"column":37},"end":{"line":7,"column":3}},"line":4},"1":{"name":"(anonymous_1)","decl":{"start":{"line":9,"column":2},"end":{"line":9,"column":3}},"loc":{"start":{"line":9,"column":18},"end":{"line":15,"column":3}},"line":9},"2":{"name":"(anonymous_2)","decl":{"start":{"line":17,"column":2},"end":{"line":17,"column":3}},"loc":{"start":{"line":17,"column":19},"end":{"line":27,"column":3}},"line":17},"3":{"name":"(anonymous_3)","decl":{"start":{"line":29,"column":2},"end":{"line":29,"column":3}},"loc":{"start":{"line":29,"column":19},"end":{"line":42,"column":3}},"line":29}},"branchMap":{"0":{"loc":{"start":{"line":18,"column":4},"end":{"line":26,"column":5}},"type":"if","locations":[{"start":{"line":18,"column":4},"end":{"line":26,"column":5}},{"start":{"line":20,"column":11},"end":{"line":26,"column":5}}],"line":18},"1":{"loc":{"start":{"line":35,"column":6},"end":{"line":39,"column":7}},"type":"if","locations":[{"start":{"line":35,"column":6},"end":{"line":39,"column":7}},{"start":{"line":37,"column":13},"end":{"line":39,"column":7}}],"line":35}},"s":{"0":1,"1":5,"2":5,"3":3,"4":3,"5":3,"6":3,"7":3,"8":3,"9":1,"10":2,"11":2,"12":2,"13":2,"14":2,"15":1,"16":1,"17":1,"18":2,"19":2,"20":2,"21":1,"22":1,"23":1,"24":1},"f":{"0":5,"1":3,"2":3,"3":1},"b":{"0":[1,2],"1":[1,1]},"_coverageSchema":"1a1c01bbd47fc00a2c39e90264f33305004495a9","hash":"8c408489d06b1247f512d790a5a405fe4b8e05d9"}
,"/Users/jackskates/Documents/bank-tech-test/src/transaction.js": {"path":"/Users/jackskates/Documents/bank-tech-test/src/transaction.js","statementMap":{"0":{"start":{"line":3,"column":4},"end":{"line":3,"column":38}},"1":{"start":{"line":4,"column":4},"end":{"line":4,"column":44}},"2":{"start":{"line":5,"column":4},"end":{"line":5,"column":18}},"3":{"start":{"line":6,"column":4},"end":{"line":6,"column":27}},"4":{"start":{"line":10,"column":16},"end":{"line":10,"column":58}},"5":{"start":{"line":11,"column":18},"end":{"line":11,"column":67}},"6":{"start":{"line":12,"column":17},"end":{"line":12,"column":46}},"7":{"start":{"line":14,"column":4},"end":{"line":14,"column":37}},"8":{"start":{"line":18,"column":0},"end":{"line":18,"column":29}}},"fnMap":{"0":{"name":"(anonymous_0)","decl":{"start":{"line":2,"column":2},"end":{"line":2,"column":3}},"loc":{"start":{"line":2,"column":22},"end":{"line":7,"column":3}},"line":2},"1":{"name":"(anonymous_1)","decl":{"start":{"line":9,"column":2},"end":{"line":9,"column":3}},"loc":{"start":{"line":9,"column":19},"end":{"line":15,"column":3}},"line":9}},"branchMap":{},"s":{"0":6,"1":6,"2":6,"3":6,"4":6,"5":6,"6":6,"7":6,"8":2},"f":{"0":6,"1":6},"b":{},"_coverageSchema":"1a1c01bbd47fc00a2c39e90264f33305004495a9","hash":"867abad7ec2e2e40771a5f11324be7b54a32a356"}
}
