TN:
SF:src/account.js
FN:4,(anonymous_0)
FN:9,(anonymous_1)
FN:17,(anonymous_2)
FN:29,(anonymous_3)
FNF:4
FNH:4
FNDA:5,(anonymous_0)
FNDA:3,(anonymous_1)
FNDA:3,(anonymous_2)
FNDA:1,(anonymous_3)
DA:1,1
DA:5,5
DA:6,5
DA:10,3
DA:11,3
DA:12,3
DA:13,3
DA:14,3
DA:18,3
DA:19,1
DA:21,2
DA:22,2
DA:23,2
DA:24,2
DA:25,2
DA:30,1
DA:32,1
DA:33,2
DA:34,2
DA:35,2
DA:36,1
DA:38,1
DA:41,1
DA:45,1
LF:24
LH:24
BRDA:18,0,0,1
BRDA:18,0,1,2
BRDA:35,1,0,1
BRDA:35,1,1,1
BRF:4
BRH:4
end_of_record
TN:
SF:src/transaction.js
FN:2,(anonymous_0)
FN:9,(anonymous_1)
FNF:2
FNH:2
FNDA:6,(anonymous_0)
FNDA:6,(anonymous_1)
DA:3,6
DA:4,6
DA:5,6
DA:6,6
DA:10,6
DA:11,6
DA:12,6
DA:14,6
DA:18,2
LF:9
LH:9
BRF:0
BRH:0
end_of_record
